<?xml version="1.0" encoding="UTF-8"?>
<!-- Generated by org.testng.reporters.JUnitReportReporter -->
<testsuite hostname="DESKTOP-HQG5086" failures="0" tests="1" name="scripts.Testcase1" time="22.895" errors="0" timestamp="2022-10-16T22:30:11 IST" skipped="0">
  <testcase classname="scripts.Testcase1" name="tc1" time="22.895"/>
  <system-out/>
</testsuite> <!-- scripts.Testcase1 -->
