<?xml version="1.0" encoding="UTF-8"?>
<!-- Generated by org.testng.reporters.JUnitReportReporter -->
<testsuite hostname="DESKTOP-HQG5086" failures="0" tests="1" name="scripts.Testcase2" time="31.627" errors="0" timestamp="2022-10-17T08:44:29 IST" skipped="0">
  <testcase classname="scripts.Testcase2" name="tc2" time="31.627"/>
  <system-out/>
</testsuite> <!-- scripts.Testcase2 -->
