<?xml version="1.0" encoding="UTF-8"?>
<!-- Generated by org.testng.reporters.JUnitReportReporter -->
<testsuite hostname="DESKTOP-HQG5086" failures="0" tests="1" name="scripts.Testcase3" time="28.552" errors="0" timestamp="2022-10-17T18:46:32 IST" skipped="0">
  <testcase classname="scripts.Testcase3" name="tc3" time="28.552"/>
  <system-out/>
</testsuite> <!-- scripts.Testcase3 -->
